INFO:     Started server process [8100]
INFO:     Waiting for application startup.
INFO:     Application startup complete.
INFO:     Uvicorn running on http://0.0.0.0:8001 (Press CTRL+C to quit)
INFO:     127.0.0.1:53087 - "WebSocket /ws/metrics" [accepted]
INFO:     connection open
INFO:     connection closed
ERROR:    Exception in ASGI application
Traceback (most recent call last):
  File "C:\Users\ACER\OneDrive\Desktop\palasmasight\.venv\Lib\site-packages\uvicorn\protocols\websockets\websockets_impl.py", line 332, in asgi_send
    await self.send(data)  # type: ignore[arg-type]
    ^^^^^^^^^^^^^^^^^^^^^
  File "C:\Users\ACER\OneDrive\Desktop\palasmasight\.venv\Lib\site-packages\websockets\legacy\protocol.py", line 620, in send
    await self.ensure_open()
  File "C:\Users\ACER\OneDrive\Desktop\palasmasight\.venv\Lib\site-packages\websockets\legacy\protocol.py", line 921, in ensure_open
    raise self.connection_closed_exc()
websockets.exceptions.ConnectionClosedOK: received 1000 (OK); then sent 1000 (OK)

The above exception was the direct cause of the following exception:

Traceback (most recent call last):
  File "C:\Users\ACER\OneDrive\Desktop\palasmasight\.venv\Lib\site-packages\starlette\websockets.py", line 86, in send
    await self._send(message)
  File "C:\Users\ACER\OneDrive\Desktop\palasmasight\.venv\Lib\site-packages\starlette\_exception_handler.py", line 39, in sender
    await send(message)
  File "C:\Users\ACER\OneDrive\Desktop\palasmasight\.venv\Lib\site-packages\uvicorn\protocols\websockets\websockets_impl.py", line 345, in asgi_send
    raise ClientDisconnected from exc
uvicorn.protocols.utils.ClientDisconnected

During handling of the above exception, another exception occurred:

Traceback (most recent call last):
  File "C:\Users\ACER\OneDrive\Desktop\palasmasight\backend\main.py", line 74, in websocket_endpoint
    await websocket.send_json({
  File "C:\Users\ACER\OneDrive\Desktop\palasmasight\.venv\Lib\site-packages\starlette\websockets.py", line 176, in send_json
    await self.send({"type": "websocket.send", "text": text})
  File "C:\Users\ACER\OneDrive\Desktop\palasmasight\.venv\Lib\site-packages\starlette\websockets.py", line 89, in send
    raise WebSocketDisconnect(code=1006)
starlette.websockets.WebSocketDisconnect

During handling of the above exception, another exception occurred:

Traceback (most recent call last):
  File "C:\Users\ACER\OneDrive\Desktop\palasmasight\.venv\Lib\site-packages\uvicorn\protocols\websockets\websockets_impl.py", line 244, in run_asgi
    result = await self.app(self.scope, self.asgi_receive, self.asgi_send)  # type: ignore[func-returns-value]
             ^^^^^^^^^^^^^^^^^^^^^^^^^^^^^^^^^^^^^^^^^^^^^^^^^^^^^^^^^^^^^
  File "C:\Users\ACER\OneDrive\Desktop\palasmasight\.venv\Lib\site-packages\uvicorn\middleware\proxy_headers.py", line 60, in __call__
    return await self.app(scope, receive, send)
           ^^^^^^^^^^^^^^^^^^^^^^^^^^^^^^^^^^^^
  File "C:\Users\ACER\OneDrive\Desktop\palasmasight\.venv\Lib\site-packages\fastapi\applications.py", line 1135, in __call__
    await super().__call__(scope, receive, send)
  File "C:\Users\ACER\OneDrive\Desktop\palasmasight\.venv\Lib\site-packages\starlette\applications.py", line 107, in __call__
    await self.middleware_stack(scope, receive, send)
  File "C:\Users\ACER\OneDrive\Desktop\palasmasight\.venv\Lib\site-packages\starlette\middleware\errors.py", line 151, in __call__
    await self.app(scope, receive, send)
  File "C:\Users\ACER\OneDrive\Desktop\palasmasight\.venv\Lib\site-packages\starlette\middleware\cors.py", line 77, in __call__
    await self.app(scope, receive, send)
  File "C:\Users\ACER\OneDrive\Desktop\palasmasight\.venv\Lib\site-packages\starlette\middleware\exceptions.py", line 63, in __call__
    await wrap_app_handling_exceptions(self.app, conn)(scope, receive, send)
  File "C:\Users\ACER\OneDrive\Desktop\palasmasight\.venv\Lib\site-packages\starlette\_exception_handler.py", line 53, in wrapped_app
    raise exc
  File "C:\Users\ACER\OneDrive\Desktop\palasmasight\.venv\Lib\site-packages\starlette\_exception_handler.py", line 42, in wrapped_app
    await app(scope, receive, sender)
  File "C:\Users\ACER\OneDrive\Desktop\palasmasight\.venv\Lib\site-packages\fastapi\middleware\asyncexitstack.py", line 18, in __call__
    await self.app(scope, receive, send)
  File "C:\Users\ACER\OneDrive\Desktop\palasmasight\.venv\Lib\site-packages\starlette\routing.py", line 716, in __call__
    await self.middleware_stack(scope, receive, send)
  File "C:\Users\ACER\OneDrive\Desktop\palasmasight\.venv\Lib\site-packages\starlette\routing.py", line 736, in app
    await route.handle(scope, receive, send)
  File "C:\Users\ACER\OneDrive\Desktop\palasmasight\.venv\Lib\site-packages\starlette\routing.py", line 364, in handle
    await self.app(scope, receive, send)
  File "C:\Users\ACER\OneDrive\Desktop\palasmasight\.venv\Lib\site-packages\fastapi\routing.py", line 143, in app
    await wrap_app_handling_exceptions(app, session)(scope, receive, send)
  File "C:\Users\ACER\OneDrive\Desktop\palasmasight\.venv\Lib\site-packages\starlette\_exception_handler.py", line 53, in wrapped_app
    raise exc
  File "C:\Users\ACER\OneDrive\Desktop\palasmasight\.venv\Lib\site-packages\starlette\_exception_handler.py", line 42, in wrapped_app
    await app(scope, receive, sender)
  File "C:\Users\ACER\OneDrive\Desktop\palasmasight\.venv\Lib\site-packages\fastapi\routing.py", line 140, in app
    await func(session)
  File "C:\Users\ACER\OneDrive\Desktop\palasmasight\.venv\Lib\site-packages\fastapi\routing.py", line 507, in app
    await dependant.call(**solved_result.values)
  File "C:\Users\ACER\OneDrive\Desktop\palasmasight\backend\main.py", line 82, in websocket_endpoint
    await websocket.close()
  File "C:\Users\ACER\OneDrive\Desktop\palasmasight\.venv\Lib\site-packages\starlette\websockets.py", line 181, in close
    await self.send({"type": "websocket.close", "code": code, "reason": reason or ""})
  File "C:\Users\ACER\OneDrive\Desktop\palasmasight\.venv\Lib\site-packages\starlette\websockets.py", line 98, in send
    raise RuntimeError('Cannot call "send" once a close message has been sent.')
RuntimeError: Cannot call "send" once a close message has been sent.
INFO:     Shutting down
INFO:     Waiting for application shutdown.
INFO:     Application shutdown complete.
INFO:     Finished server process [8100]
